Cache sync 1 at Wed Apr 29 14:05:00 UTC 2026
Cache sync 2 at Wed Apr 29 14:05:00 UTC 2026
Cache sync 3 at Wed Apr 29 14:05:00 UTC 2026
Cache sync 4 at Wed Apr 29 14:05:00 UTC 2026
Cache sync 5 at Wed Apr 29 14:05:00 UTC 2026
Cache sync 6 at Wed Apr 29 14:05:00 UTC 2026
Cache sync 7 at Wed Apr 29 14:05:00 UTC 2026
Cache sync 8 at Wed Apr 29 14:05:00 UTC 2026
Cache sync 9 at Wed Apr 29 14:05:00 UTC 2026
Cache sync 10 at Wed Apr 29 14:05:00 UTC 2026
Cache sync 11 at Wed Apr 29 14:05:00 UTC 2026
Cache sync 12 at Wed Apr 29 14:05:00 UTC 2026
Cache sync 13 at Wed Apr 29 14:05:00 UTC 2026
Cache sync 14 at Wed Apr 29 14:05:00 UTC 2026
Cache sync 15 at Wed Apr 29 14:05:00 UTC 2026
Cache sync 16 at Wed Apr 29 14:05:00 UTC 2026
Cache sync 17 at Wed Apr 29 14:05:00 UTC 2026
Cache sync 18 at Wed Apr 29 14:05:00 UTC 2026
Cache sync 19 at Wed Apr 29 14:05:00 UTC 2026
Cache sync 20 at Wed Apr 29 14:05:00 UTC 2026
Cache sync 21 at Wed Apr 29 14:05:00 UTC 2026
Cache sync 22 at Wed Apr 29 14:05:00 UTC 2026
Cache sync 23 at Wed Apr 29 14:05:00 UTC 2026
Cache sync 24 at Wed Apr 29 14:05:00 UTC 2026
Cache sync 25 at Wed Apr 29 14:05:00 UTC 2026
Cache sync 26 at Wed Apr 29 14:05:00 UTC 2026
Cache sync 27 at Wed Apr 29 14:05:00 UTC 2026
Cache sync 28 at Wed Apr 29 14:05:00 UTC 2026
Cache sync 29 at Wed Apr 29 14:05:00 UTC 2026
Cache sync 30 at Wed Apr 29 14:05:00 UTC 2026
Cache sync 31 at Wed Apr 29 14:05:00 UTC 2026
Cache sync 32 at Wed Apr 29 14:05:00 UTC 2026
Cache sync 33 at Wed Apr 29 14:05:00 UTC 2026
Cache sync 34 at Wed Apr 29 14:05:00 UTC 2026
Cache sync 35 at Wed Apr 29 14:05:00 UTC 2026
Cache sync 36 at Wed Apr 29 14:05:00 UTC 2026
Cache sync 37 at Wed Apr 29 14:05:00 UTC 2026
Cache sync 38 at Wed Apr 29 14:05:00 UTC 2026
Cache sync 39 at Wed Apr 29 14:05:00 UTC 2026
Cache sync 40 at Wed Apr 29 14:05:00 UTC 2026
Cache sync 41 at Wed Apr 29 14:05:00 UTC 2026
Cache sync 42 at Wed Apr 29 14:05:00 UTC 2026
Cache sync 43 at Wed Apr 29 14:05:00 UTC 2026
Cache sync 44 at Wed Apr 29 14:05:00 UTC 2026
Cache sync 45 at Wed Apr 29 14:05:00 UTC 2026
Cache sync 46 at Wed Apr 29 14:05:00 UTC 2026
Cache sync 47 at Wed Apr 29 14:05:00 UTC 2026
Cache sync 48 at Wed Apr 29 14:05:00 UTC 2026
Cache sync 49 at Wed Apr 29 14:05:00 UTC 2026
Cache sync 50 at Wed Apr 29 14:05:00 UTC 2026
Cache sync 51 at Wed Apr 29 14:05:00 UTC 2026
Cache sync 52 at Wed Apr 29 14:05:00 UTC 2026
Cache sync 53 at Wed Apr 29 14:05:00 UTC 2026
Cache sync 54 at Wed Apr 29 14:05:00 UTC 2026
Cache sync 55 at Wed Apr 29 14:05:00 UTC 2026
Cache sync 56 at Wed Apr 29 14:05:00 UTC 2026
Cache sync 57 at Wed Apr 29 14:05:00 UTC 2026
Cache sync 58 at Wed Apr 29 14:05:00 UTC 2026
Cache sync 59 at Wed Apr 29 14:05:00 UTC 2026
Cache sync 60 at Wed Apr 29 14:05:00 UTC 2026
Cache sync 61 at Wed Apr 29 14:05:00 UTC 2026
Cache sync 62 at Wed Apr 29 14:05:00 UTC 2026
Cache sync 63 at Wed Apr 29 14:05:00 UTC 2026
Cache sync 64 at Wed Apr 29 14:05:00 UTC 2026
Cache sync 65 at Wed Apr 29 14:05:00 UTC 2026
Cache sync 66 at Wed Apr 29 14:05:00 UTC 2026
Cache sync 67 at Wed Apr 29 14:05:00 UTC 2026
Cache sync 68 at Wed Apr 29 14:05:00 UTC 2026
Cache sync 1 at Fri May  1 03:39:21 UTC 2026
Cache sync 2 at Fri May  1 03:39:21 UTC 2026
Cache sync 3 at Fri May  1 03:39:21 UTC 2026
Cache sync 4 at Fri May  1 03:39:21 UTC 2026
Cache sync 5 at Fri May  1 03:39:21 UTC 2026
Cache sync 6 at Fri May  1 03:39:21 UTC 2026
Cache sync 7 at Fri May  1 03:39:21 UTC 2026
Cache sync 8 at Fri May  1 03:39:21 UTC 2026
Cache sync 9 at Fri May  1 03:39:21 UTC 2026
Cache sync 10 at Fri May  1 03:39:21 UTC 2026
Cache sync 11 at Fri May  1 03:39:21 UTC 2026
Cache sync 12 at Fri May  1 03:39:21 UTC 2026
Cache sync 13 at Fri May  1 03:39:21 UTC 2026
Cache sync 14 at Fri May  1 03:39:21 UTC 2026
Cache sync 1 at Fri May  1 13:24:41 UTC 2026
Cache sync 2 at Fri May  1 13:24:41 UTC 2026
Cache sync 3 at Fri May  1 13:24:41 UTC 2026
Cache sync 4 at Fri May  1 13:24:41 UTC 2026
Cache sync 5 at Fri May  1 13:24:41 UTC 2026
Cache sync 6 at Fri May  1 13:24:41 UTC 2026
Cache sync 7 at Fri May  1 13:24:41 UTC 2026
Cache sync 8 at Fri May  1 13:24:41 UTC 2026
Cache sync 9 at Fri May  1 13:24:41 UTC 2026
Cache sync 10 at Fri May  1 13:24:41 UTC 2026
Cache sync 11 at Fri May  1 13:24:41 UTC 2026
Cache sync 12 at Fri May  1 13:24:41 UTC 2026
Cache sync 13 at Fri May  1 13:24:41 UTC 2026
Cache sync 14 at Fri May  1 13:24:41 UTC 2026
Cache sync 15 at Fri May  1 13:24:41 UTC 2026
Cache sync 16 at Fri May  1 13:24:41 UTC 2026
Cache sync 17 at Fri May  1 13:24:41 UTC 2026
Cache sync 18 at Fri May  1 13:24:41 UTC 2026
Cache sync 19 at Fri May  1 13:24:41 UTC 2026
Cache sync 20 at Fri May  1 13:24:41 UTC 2026
Cache sync 21 at Fri May  1 13:24:41 UTC 2026
Cache sync 1 at Sat May  2 02:56:00 UTC 2026
Cache sync 2 at Sat May  2 02:56:00 UTC 2026
Cache sync 3 at Sat May  2 02:56:00 UTC 2026
Cache sync 4 at Sat May  2 02:56:00 UTC 2026
Cache sync 5 at Sat May  2 02:56:00 UTC 2026
Cache sync 6 at Sat May  2 02:56:00 UTC 2026
Cache sync 7 at Sat May  2 02:56:00 UTC 2026
Cache sync 8 at Sat May  2 02:56:00 UTC 2026
Cache sync 9 at Sat May  2 02:56:00 UTC 2026
Cache sync 10 at Sat May  2 02:56:00 UTC 2026
Cache sync 1 at Sat May  2 13:18:34 UTC 2026
Cache sync 2 at Sat May  2 13:18:34 UTC 2026
Cache sync 3 at Sat May  2 13:18:34 UTC 2026
Cache sync 4 at Sat May  2 13:18:34 UTC 2026
Cache sync 5 at Sat May  2 13:18:34 UTC 2026
Cache sync 6 at Sat May  2 13:18:34 UTC 2026
Cache sync 7 at Sat May  2 13:18:34 UTC 2026
Cache sync 8 at Sat May  2 13:18:34 UTC 2026
Cache sync 9 at Sat May  2 13:18:34 UTC 2026
Cache sync 10 at Sat May  2 13:18:34 UTC 2026
Cache sync 11 at Sat May  2 13:18:34 UTC 2026
Cache sync 12 at Sat May  2 13:18:34 UTC 2026
Cache sync 13 at Sat May  2 13:18:34 UTC 2026
Cache sync 14 at Sat May  2 13:18:34 UTC 2026
Cache sync 15 at Sat May  2 13:18:34 UTC 2026
Cache sync 16 at Sat May  2 13:18:34 UTC 2026
Cache sync 17 at Sat May  2 13:18:34 UTC 2026
Cache sync 18 at Sat May  2 13:18:34 UTC 2026
Cache sync 19 at Sat May  2 13:18:34 UTC 2026
Cache sync 20 at Sat May  2 13:18:34 UTC 2026
Cache sync 21 at Sat May  2 13:18:34 UTC 2026
Cache sync 22 at Sat May  2 13:18:34 UTC 2026
Cache sync 23 at Sat May  2 13:18:34 UTC 2026
Cache sync 24 at Sat May  2 13:18:34 UTC 2026
Cache sync 25 at Sat May  2 13:18:34 UTC 2026
Cache sync 26 at Sat May  2 13:18:34 UTC 2026
Cache sync 27 at Sat May  2 13:18:34 UTC 2026
Cache sync 28 at Sat May  2 13:18:34 UTC 2026
Cache sync 29 at Sat May  2 13:18:34 UTC 2026
Cache sync 30 at Sat May  2 13:18:34 UTC 2026
Cache sync 31 at Sat May  2 13:18:34 UTC 2026
Cache sync 32 at Sat May  2 13:18:34 UTC 2026
Cache sync 33 at Sat May  2 13:18:34 UTC 2026
Cache sync 34 at Sat May  2 13:18:34 UTC 2026
Cache sync 35 at Sat May  2 13:18:34 UTC 2026
Cache sync 36 at Sat May  2 13:18:34 UTC 2026
Cache sync 37 at Sat May  2 13:18:34 UTC 2026
Cache sync 38 at Sat May  2 13:18:34 UTC 2026
Cache sync 39 at Sat May  2 13:18:34 UTC 2026
Cache sync 40 at Sat May  2 13:18:34 UTC 2026
Cache sync 41 at Sat May  2 13:18:34 UTC 2026
Cache sync 42 at Sat May  2 13:18:34 UTC 2026
Cache sync 43 at Sat May  2 13:18:34 UTC 2026
Cache sync 44 at Sat May  2 13:18:34 UTC 2026
Cache sync 45 at Sat May  2 13:18:34 UTC 2026
Cache sync 46 at Sat May  2 13:18:34 UTC 2026
Cache sync 47 at Sat May  2 13:18:34 UTC 2026
Cache sync 48 at Sat May  2 13:18:34 UTC 2026
Cache sync 49 at Sat May  2 13:18:34 UTC 2026
Cache sync 50 at Sat May  2 13:18:34 UTC 2026
Cache sync 51 at Sat May  2 13:18:34 UTC 2026
Cache sync 52 at Sat May  2 13:18:34 UTC 2026
Cache sync 53 at Sat May  2 13:18:34 UTC 2026
Cache sync 54 at Sat May  2 13:18:34 UTC 2026
Cache sync 55 at Sat May  2 13:18:34 UTC 2026
Cache sync 56 at Sat May  2 13:18:34 UTC 2026
Cache sync 57 at Sat May  2 13:18:34 UTC 2026
Cache sync 58 at Sat May  2 13:18:34 UTC 2026
Cache sync 59 at Sat May  2 13:18:34 UTC 2026
Cache sync 60 at Sat May  2 13:18:34 UTC 2026
Cache sync 61 at Sat May  2 13:18:34 UTC 2026
Cache sync 62 at Sat May  2 13:18:34 UTC 2026
Cache sync 63 at Sat May  2 13:18:34 UTC 2026
Cache sync 64 at Sat May  2 13:18:34 UTC 2026
Cache sync 65 at Sat May  2 13:18:34 UTC 2026
Cache sync 66 at Sat May  2 13:18:34 UTC 2026
Cache sync 67 at Sat May  2 13:18:34 UTC 2026
Cache sync 68 at Sat May  2 13:18:34 UTC 2026
Cache sync 69 at Sat May  2 13:18:34 UTC 2026
Cache sync 1 at Sun May  3 03:32:27 UTC 2026
Cache sync 2 at Sun May  3 03:32:27 UTC 2026
Cache sync 3 at Sun May  3 03:32:27 UTC 2026
Cache sync 4 at Sun May  3 03:32:27 UTC 2026
Cache sync 5 at Sun May  3 03:32:27 UTC 2026
Cache sync 6 at Sun May  3 03:32:27 UTC 2026
Cache sync 7 at Sun May  3 03:32:27 UTC 2026
Cache sync 8 at Sun May  3 03:32:27 UTC 2026
Cache sync 9 at Sun May  3 03:32:27 UTC 2026
Cache sync 10 at Sun May  3 03:32:27 UTC 2026
Cache sync 11 at Sun May  3 03:32:27 UTC 2026
Cache sync 12 at Sun May  3 03:32:27 UTC 2026
Cache sync 13 at Sun May  3 03:32:27 UTC 2026
Cache sync 14 at Sun May  3 03:32:27 UTC 2026
Cache sync 15 at Sun May  3 03:32:28 UTC 2026
Cache sync 16 at Sun May  3 03:32:28 UTC 2026
Cache sync 17 at Sun May  3 03:32:28 UTC 2026
Cache sync 18 at Sun May  3 03:32:28 UTC 2026
Cache sync 19 at Sun May  3 03:32:28 UTC 2026
Cache sync 20 at Sun May  3 03:32:28 UTC 2026
Cache sync 21 at Sun May  3 03:32:28 UTC 2026
Cache sync 22 at Sun May  3 03:32:28 UTC 2026
Cache sync 23 at Sun May  3 03:32:28 UTC 2026
Cache sync 24 at Sun May  3 03:32:28 UTC 2026
Cache sync 25 at Sun May  3 03:32:28 UTC 2026
Cache sync 26 at Sun May  3 03:32:28 UTC 2026
Cache sync 27 at Sun May  3 03:32:28 UTC 2026
Cache sync 28 at Sun May  3 03:32:28 UTC 2026
Cache sync 29 at Sun May  3 03:32:28 UTC 2026
Cache sync 30 at Sun May  3 03:32:28 UTC 2026
Cache sync 1 at Sun May  3 13:17:21 UTC 2026
Cache sync 2 at Sun May  3 13:17:21 UTC 2026
Cache sync 3 at Sun May  3 13:17:21 UTC 2026
Cache sync 4 at Sun May  3 13:17:21 UTC 2026
Cache sync 5 at Sun May  3 13:17:21 UTC 2026
Cache sync 6 at Sun May  3 13:17:21 UTC 2026
Cache sync 7 at Sun May  3 13:17:21 UTC 2026
Cache sync 8 at Sun May  3 13:17:21 UTC 2026
Cache sync 9 at Sun May  3 13:17:22 UTC 2026
Cache sync 10 at Sun May  3 13:17:22 UTC 2026
Cache sync 11 at Sun May  3 13:17:22 UTC 2026
Cache sync 12 at Sun May  3 13:17:22 UTC 2026
Cache sync 13 at Sun May  3 13:17:22 UTC 2026
Cache sync 14 at Sun May  3 13:17:22 UTC 2026
Cache sync 15 at Sun May  3 13:17:22 UTC 2026
Cache sync 16 at Sun May  3 13:17:22 UTC 2026
Cache sync 17 at Sun May  3 13:17:22 UTC 2026
Cache sync 18 at Sun May  3 13:17:22 UTC 2026
Cache sync 19 at Sun May  3 13:17:22 UTC 2026
Cache sync 20 at Sun May  3 13:17:22 UTC 2026
Cache sync 21 at Sun May  3 13:17:22 UTC 2026
Cache sync 22 at Sun May  3 13:17:22 UTC 2026
Cache sync 23 at Sun May  3 13:17:22 UTC 2026
Cache sync 24 at Sun May  3 13:17:22 UTC 2026
Cache sync 25 at Sun May  3 13:17:22 UTC 2026
Cache sync 26 at Sun May  3 13:17:22 UTC 2026
Cache sync 27 at Sun May  3 13:17:22 UTC 2026
Cache sync 28 at Sun May  3 13:17:22 UTC 2026
Cache sync 29 at Sun May  3 13:17:22 UTC 2026
Cache sync 30 at Sun May  3 13:17:22 UTC 2026
Cache sync 31 at Sun May  3 13:17:22 UTC 2026
Cache sync 32 at Sun May  3 13:17:22 UTC 2026
Cache sync 33 at Sun May  3 13:17:22 UTC 2026
Cache sync 34 at Sun May  3 13:17:22 UTC 2026
Cache sync 35 at Sun May  3 13:17:22 UTC 2026
Cache sync 36 at Sun May  3 13:17:22 UTC 2026
Cache sync 37 at Sun May  3 13:17:22 UTC 2026
Cache sync 38 at Sun May  3 13:17:22 UTC 2026
Cache sync 39 at Sun May  3 13:17:22 UTC 2026
Cache sync 40 at Sun May  3 13:17:22 UTC 2026
Cache sync 41 at Sun May  3 13:17:22 UTC 2026
Cache sync 42 at Sun May  3 13:17:22 UTC 2026
Cache sync 43 at Sun May  3 13:17:22 UTC 2026
Cache sync 44 at Sun May  3 13:17:22 UTC 2026
Cache sync 45 at Sun May  3 13:17:22 UTC 2026
Cache sync 46 at Sun May  3 13:17:22 UTC 2026
Cache sync 47 at Sun May  3 13:17:22 UTC 2026
Cache sync 48 at Sun May  3 13:17:22 UTC 2026
Cache sync 49 at Sun May  3 13:17:22 UTC 2026
Cache sync 50 at Sun May  3 13:17:22 UTC 2026
Cache sync 51 at Sun May  3 13:17:22 UTC 2026
Cache sync 52 at Sun May  3 13:17:22 UTC 2026
Cache sync 53 at Sun May  3 13:17:22 UTC 2026
Cache sync 54 at Sun May  3 13:17:22 UTC 2026
Cache sync 55 at Sun May  3 13:17:22 UTC 2026
Cache sync 56 at Sun May  3 13:17:22 UTC 2026
Cache sync 57 at Sun May  3 13:17:22 UTC 2026
Cache sync 58 at Sun May  3 13:17:22 UTC 2026
Cache sync 59 at Sun May  3 13:17:22 UTC 2026
Cache sync 60 at Sun May  3 13:17:22 UTC 2026
Cache sync 1 at Mon May  4 03:30:42 UTC 2026
Cache sync 2 at Mon May  4 03:30:42 UTC 2026
Cache sync 3 at Mon May  4 03:30:42 UTC 2026
Cache sync 4 at Mon May  4 03:30:42 UTC 2026
Cache sync 5 at Mon May  4 03:30:42 UTC 2026
Cache sync 6 at Mon May  4 03:30:42 UTC 2026
Cache sync 7 at Mon May  4 03:30:42 UTC 2026
Cache sync 8 at Mon May  4 03:30:42 UTC 2026
Cache sync 9 at Mon May  4 03:30:42 UTC 2026
Cache sync 10 at Mon May  4 03:30:42 UTC 2026
Cache sync 11 at Mon May  4 03:30:42 UTC 2026
Cache sync 12 at Mon May  4 03:30:42 UTC 2026
Cache sync 13 at Mon May  4 03:30:42 UTC 2026
Cache sync 14 at Mon May  4 03:30:42 UTC 2026
Cache sync 15 at Mon May  4 03:30:42 UTC 2026
Cache sync 16 at Mon May  4 03:30:42 UTC 2026
Cache sync 17 at Mon May  4 03:30:42 UTC 2026
Cache sync 18 at Mon May  4 03:30:42 UTC 2026
Cache sync 19 at Mon May  4 03:30:42 UTC 2026
Cache sync 20 at Mon May  4 03:30:42 UTC 2026
Cache sync 21 at Mon May  4 03:30:42 UTC 2026
Cache sync 22 at Mon May  4 03:30:42 UTC 2026
Cache sync 23 at Mon May  4 03:30:42 UTC 2026
Cache sync 24 at Mon May  4 03:30:42 UTC 2026
Cache sync 25 at Mon May  4 03:30:42 UTC 2026
Cache sync 26 at Mon May  4 03:30:42 UTC 2026
Cache sync 27 at Mon May  4 03:30:42 UTC 2026
Cache sync 28 at Mon May  4 03:30:42 UTC 2026
Cache sync 29 at Mon May  4 03:30:42 UTC 2026
Cache sync 30 at Mon May  4 03:30:42 UTC 2026
Cache sync 31 at Mon May  4 03:30:42 UTC 2026
Cache sync 32 at Mon May  4 03:30:42 UTC 2026
Cache sync 33 at Mon May  4 03:30:42 UTC 2026
Cache sync 34 at Mon May  4 03:30:42 UTC 2026
Cache sync 35 at Mon May  4 03:30:42 UTC 2026
Cache sync 36 at Mon May  4 03:30:42 UTC 2026
Cache sync 37 at Mon May  4 03:30:42 UTC 2026
Cache sync 38 at Mon May  4 03:30:42 UTC 2026
Cache sync 39 at Mon May  4 03:30:42 UTC 2026
Cache sync 40 at Mon May  4 03:30:42 UTC 2026
Cache sync 41 at Mon May  4 03:30:42 UTC 2026
Cache sync 42 at Mon May  4 03:30:42 UTC 2026
Cache sync 43 at Mon May  4 03:30:42 UTC 2026
Cache sync 44 at Mon May  4 03:30:42 UTC 2026
Cache sync 45 at Mon May  4 03:30:42 UTC 2026
Cache sync 46 at Mon May  4 03:30:42 UTC 2026
Cache sync 47 at Mon May  4 03:30:43 UTC 2026
Cache sync 48 at Mon May  4 03:30:43 UTC 2026
Cache sync 49 at Mon May  4 03:30:43 UTC 2026
Cache sync 50 at Mon May  4 03:30:43 UTC 2026
Cache sync 51 at Mon May  4 03:30:43 UTC 2026
Cache sync 52 at Mon May  4 03:30:43 UTC 2026
Cache sync 53 at Mon May  4 03:30:43 UTC 2026
Cache sync 54 at Mon May  4 03:30:43 UTC 2026
Cache sync 55 at Mon May  4 03:30:43 UTC 2026
Cache sync 56 at Mon May  4 03:30:43 UTC 2026
Cache sync 57 at Mon May  4 03:30:43 UTC 2026
Cache sync 58 at Mon May  4 03:30:43 UTC 2026
Cache sync 59 at Mon May  4 03:30:43 UTC 2026
Cache sync 60 at Mon May  4 03:30:43 UTC 2026
Cache sync 61 at Mon May  4 03:30:43 UTC 2026
Cache sync 62 at Mon May  4 03:30:43 UTC 2026
Cache sync 63 at Mon May  4 03:30:43 UTC 2026
Cache sync 64 at Mon May  4 03:30:43 UTC 2026
Cache sync 65 at Mon May  4 03:30:43 UTC 2026
Cache sync 66 at Mon May  4 03:30:43 UTC 2026
Cache sync 67 at Mon May  4 03:30:43 UTC 2026
Cache sync 68 at Mon May  4 03:30:43 UTC 2026
Cache sync 69 at Mon May  4 03:30:43 UTC 2026
Cache sync 70 at Mon May  4 03:30:43 UTC 2026
Cache sync 71 at Mon May  4 03:30:43 UTC 2026
Cache sync 72 at Mon May  4 03:30:43 UTC 2026
Cache sync 1 at Tue May  5 02:57:07 UTC 2026
Cache sync 2 at Tue May  5 02:57:07 UTC 2026
Cache sync 3 at Tue May  5 02:57:07 UTC 2026
Cache sync 4 at Tue May  5 02:57:07 UTC 2026
Cache sync 5 at Tue May  5 02:57:07 UTC 2026
Cache sync 6 at Tue May  5 02:57:07 UTC 2026
Cache sync 7 at Tue May  5 02:57:07 UTC 2026
Cache sync 8 at Tue May  5 02:57:07 UTC 2026
Cache sync 9 at Tue May  5 02:57:07 UTC 2026
Cache sync 10 at Tue May  5 02:57:07 UTC 2026
Cache sync 11 at Tue May  5 02:57:07 UTC 2026
Cache sync 12 at Tue May  5 02:57:07 UTC 2026
Cache sync 1 at Wed May  6 03:27:26 UTC 2026
Cache sync 2 at Wed May  6 03:27:26 UTC 2026
Cache sync 3 at Wed May  6 03:27:26 UTC 2026
